19:33:47.217 INFO - Launching a standalone Selenium Server
19:33:47.247 INFO - Java: Oracle Corporation 25.31-b07
19:33:47.247 INFO - OS: Mac OS X 10.10.5 x86_64
19:33:47.256 INFO - v2.53.0, with Core v2.53.0. Built from revision 35ae25b
19:33:47.315 INFO - Driver provider org.openqa.selenium.ie.InternetExplorerDriver registration is skipped:
registration capabilities Capabilities [{ensureCleanSession=true, browserName=internet explorer, version=, platform=WINDOWS}] does not match the current platform MAC
19:33:47.315 INFO - Driver provider org.openqa.selenium.edge.EdgeDriver registration is skipped:
registration capabilities Capabilities [{browserName=MicrosoftEdge, version=, platform=WINDOWS}] does not match the current platform MAC
19:33:47.316 INFO - Driver class not found: com.opera.core.systems.OperaDriver
19:33:47.316 INFO - Driver provider com.opera.core.systems.OperaDriver is not registered
19:33:47.317 INFO - Driver class not found: org.openqa.selenium.htmlunit.HtmlUnitDriver
19:33:47.317 INFO - Driver provider org.openqa.selenium.htmlunit.HtmlUnitDriver is not registered
19:33:47.363 INFO - RemoteWebDriver instances should connect to: http://127.0.0.1:4444/wd/hub
19:33:47.363 INFO - Selenium Server is up and running
19:33:47.571 INFO - Executing: [new session: Capabilities [{acceptSslCerts=true, name=Index, browserName=chrome, javascriptEnabled=true, chromeOptions={args=[window-size=1280,800, disable-web-security, test-type]}, platform=ANY}]])
19:33:47.580 INFO - Creating a new session for Capabilities [{acceptSslCerts=true, name=Index, browserName=chrome, javascriptEnabled=true, chromeOptions={args=[window-size=1280,800, disable-web-security, test-type]}, platform=ANY}]
Starting ChromeDriver 2.24.417412 (ac882d3ce7c0d99292439bf3405780058fcca0a6) on port 14979
Only local connections are allowed.
19:33:48.566 INFO - Done: [new session: Capabilities [{acceptSslCerts=true, name=Index, browserName=chrome, javascriptEnabled=true, chromeOptions={args=[window-size=1280,800, disable-web-security, test-type]}, platform=ANY}]]
19:33:48.577 INFO - Executing: [get: http://google.com])
19:33:51.764 INFO - Done: [get: http://google.com]
19:33:51.770 INFO - Executing: [find elements: By.cssSelector: body])
19:33:51.795 INFO - Done: [find elements: By.cssSelector: body]
19:33:51.798 INFO - Executing: [is displayed: 0 [[ChromeDriver: chrome on MAC (76cac48f8711669551c8dfb3f1cb8147)] -> css selector: body]])
19:33:51.810 INFO - Done: [is displayed: 0 [[ChromeDriver: chrome on MAC (76cac48f8711669551c8dfb3f1cb8147)] -> css selector: body]]
19:33:51.815 INFO - Executing: [find elements: By.cssSelector: input[value="Google Search"]])
19:33:51.828 INFO - Done: [find elements: By.cssSelector: input[value="Google Search"]]
19:33:51.831 INFO - Executing: [take screenshot])
19:33:52.257 INFO - Done: [take screenshot]
19:33:52.282 INFO - Executing: [find element: By.cssSelector: #lst-ib])
19:33:52.296 INFO - Done: [find element: By.cssSelector: #lst-ib]
19:33:52.301 INFO - Executing: [send keys: 2 [[ChromeDriver: chrome on MAC (76cac48f8711669551c8dfb3f1cb8147)] -> css selector: #lst-ib], [N, i, g, h, t, w, a, t, c, h]])
19:33:52.366 INFO - Done: [send keys: 2 [[ChromeDriver: chrome on MAC (76cac48f8711669551c8dfb3f1cb8147)] -> css selector: #lst-ib], [N, i, g, h, t, w, a, t, c, h]]
19:33:52.370 INFO - Executing: [find element: By.cssSelector: input[value="Google Search"]])
19:33:52.383 INFO - Done: [find element: By.cssSelector: input[value="Google Search"]]
19:33:52.387 INFO - Executing: [click: 1 [[ChromeDriver: chrome on MAC (76cac48f8711669551c8dfb3f1cb8147)] -> css selector: input[value="Google Search"]]])
19:33:52.886 WARN - Exception thrown
org.openqa.selenium.ElementNotVisibleException: element not visible
  (Session info: chrome=53.0.2785.116)
  (Driver info: chromedriver=2.24.417412 (ac882d3ce7c0d99292439bf3405780058fcca0a6),platform=Mac OS X 10.10.5 x86_64) (WARNING: The server did not provide any stacktrace information)
Command duration or timeout: 13 milliseconds
Build info: version: '2.53.0', revision: '35ae25b', time: '2016-03-15 17:00:58'
System info: host: 'Sohams-MacBook-Pro.local', ip: '192.168.1.101', os.name: 'Mac OS X', os.arch: 'x86_64', os.version: '10.10.5', java.version: '1.8.0_31'
Driver info: org.openqa.selenium.chrome.ChromeDriver
Capabilities [{applicationCacheEnabled=false, rotatable=false, mobileEmulationEnabled=false, networkConnectionEnabled=false, chrome={chromedriverVersion=2.24.417412 (ac882d3ce7c0d99292439bf3405780058fcca0a6), userDataDir=/var/folders/qw/_jwqf6sn04j5bcc32rlzh4480000gn/T/.org.chromium.Chromium.VbEhpc}, takesHeapSnapshot=true, pageLoadStrategy=normal, databaseEnabled=false, handlesAlerts=true, hasTouchScreen=false, version=53.0.2785.116, platform=MAC, browserConnectionEnabled=false, nativeEvents=true, acceptSslCerts=true, locationContextEnabled=true, webStorageEnabled=true, browserName=chrome, takesScreenshot=true, javascriptEnabled=true, cssSelectorsEnabled=true}]
Session ID: 76cac48f8711669551c8dfb3f1cb8147
	at sun.reflect.NativeConstructorAccessorImpl.newInstance0(Native Method)
	at sun.reflect.NativeConstructorAccessorImpl.newInstance(NativeConstructorAccessorImpl.java:62)
	at sun.reflect.DelegatingConstructorAccessorImpl.newInstance(DelegatingConstructorAccessorImpl.java:45)
	at java.lang.reflect.Constructor.newInstance(Constructor.java:408)
	at org.openqa.selenium.remote.ErrorHandler.createThrowable(ErrorHandler.java:206)
	at org.openqa.selenium.remote.ErrorHandler.throwIfResponseFailed(ErrorHandler.java:158)
	at org.openqa.selenium.remote.RemoteWebDriver.execute(RemoteWebDriver.java:678)
	at org.openqa.selenium.remote.RemoteWebElement.execute(RemoteWebElement.java:327)
	at org.openqa.selenium.remote.RemoteWebElement.click(RemoteWebElement.java:85)
	at sun.reflect.NativeMethodAccessorImpl.invoke0(Native Method)
	at sun.reflect.NativeMethodAccessorImpl.invoke(NativeMethodAccessorImpl.java:62)
	at sun.reflect.DelegatingMethodAccessorImpl.invoke(DelegatingMethodAccessorImpl.java:43)
	at java.lang.reflect.Method.invoke(Method.java:483)
	at org.openqa.selenium.support.events.EventFiringWebDriver$EventFiringWebElement$1.invoke(EventFiringWebDriver.java:335)
	at com.sun.proxy.$Proxy2.click(Unknown Source)
	at org.openqa.selenium.support.events.EventFiringWebDriver$EventFiringWebElement.click(EventFiringWebDriver.java:348)
	at sun.reflect.NativeMethodAccessorImpl.invoke0(Native Method)
	at sun.reflect.NativeMethodAccessorImpl.invoke(NativeMethodAccessorImpl.java:62)
	at sun.reflect.DelegatingMethodAccessorImpl.invoke(DelegatingMethodAccessorImpl.java:43)
	at java.lang.reflect.Method.invoke(Method.java:483)
	at org.openqa.selenium.remote.server.KnownElements$1.invoke(KnownElements.java:64)
	at com.sun.proxy.$Proxy3.click(Unknown Source)
	at org.openqa.selenium.remote.server.handler.ClickElement.call(ClickElement.java:30)
	at org.openqa.selenium.remote.server.handler.ClickElement.call(ClickElement.java:1)
	at java.util.concurrent.FutureTask.run(FutureTask.java:266)
	at org.openqa.selenium.remote.server.DefaultSession$1.run(DefaultSession.java:176)
	at java.util.concurrent.ThreadPoolExecutor.runWorker(ThreadPoolExecutor.java:1142)
	at java.util.concurrent.ThreadPoolExecutor$Worker.run(ThreadPoolExecutor.java:617)
	at java.lang.Thread.run(Thread.java:745)
19:33:52.888 WARN - Exception: element not visible
  (Session info: chrome=53.0.2785.116)
  (Driver info: chromedriver=2.24.417412 (ac882d3ce7c0d99292439bf3405780058fcca0a6),platform=Mac OS X 10.10.5 x86_64) (WARNING: The server did not provide any stacktrace information)
Command duration or timeout: 13 milliseconds
Build info: version: '2.53.0', revision: '35ae25b', time: '2016-03-15 17:00:58'
System info: host: 'Sohams-MacBook-Pro.local', ip: '192.168.1.101', os.name: 'Mac OS X', os.arch: 'x86_64', os.version: '10.10.5', java.version: '1.8.0_31'
Driver info: org.openqa.selenium.chrome.ChromeDriver
Capabilities [{applicationCacheEnabled=false, rotatable=false, mobileEmulationEnabled=false, networkConnectionEnabled=false, chrome={chromedriverVersion=2.24.417412 (ac882d3ce7c0d99292439bf3405780058fcca0a6), userDataDir=/var/folders/qw/_jwqf6sn04j5bcc32rlzh4480000gn/T/.org.chromium.Chromium.VbEhpc}, takesHeapSnapshot=true, pageLoadStrategy=normal, databaseEnabled=false, handlesAlerts=true, hasTouchScreen=false, version=53.0.2785.116, platform=MAC, browserConnectionEnabled=false, nativeEvents=true, acceptSslCerts=true, locationContextEnabled=true, webStorageEnabled=true, browserName=chrome, takesScreenshot=true, javascriptEnabled=true, cssSelectorsEnabled=true}]
Session ID: 76cac48f8711669551c8dfb3f1cb8147
19:33:52.931 INFO - Executing: [find elements: By.cssSelector: #resultStats])
19:33:52.945 INFO - Done: [find elements: By.cssSelector: #resultStats]
19:33:53.456 INFO - Executing: [find elements: By.cssSelector: #resultStats])
19:33:53.464 INFO - Done: [find elements: By.cssSelector: #resultStats]
19:33:53.972 INFO - Executing: [find elements: By.cssSelector: #resultStats])
19:33:53.980 INFO - Done: [find elements: By.cssSelector: #resultStats]
19:33:53.982 INFO - Executing: [is displayed: 3 [[ChromeDriver: chrome on MAC (76cac48f8711669551c8dfb3f1cb8147)] -> css selector: #resultStats]])
19:33:53.994 INFO - Done: [is displayed: 3 [[ChromeDriver: chrome on MAC (76cac48f8711669551c8dfb3f1cb8147)] -> css selector: #resultStats]]
19:33:53.996 INFO - Executing: [take screenshot])
19:33:54.330 INFO - Done: [take screenshot]
19:33:54.371 INFO - Executing: [delete session: d2a6a508-f872-4905-8da9-8ab4f5dafc3f])
19:33:54.443 INFO - Done: [delete session: d2a6a508-f872-4905-8da9-8ab4f5dafc3f]
